2026-03-17 00:19:30,298 | INFO | ENV: PROD | VERDICT: BLOCK | DETAILS: Public exposure is strictly forbidden in Production regardless of AI risk score.
2026-03-17 00:21:27,012 | INFO | ENV: PROD | VERDICT: BLOCK | DETAILS: Public exposure is strictly forbidden in Production regardless of AI risk score.
2026-03-17 00:21:57,929 | INFO | ENV: PROD | VERDICT: BLOCK | DETAILS: Public exposure is strictly forbidden in Production regardless of AI risk score.
2026-03-17 00:33:55,606 | INFO | ENV: PROD | VERDICT: BLOCK | DETAILS: OPA_DENY: Public exposure strictly forbidden in Production.
2026-03-17 00:47:05,109 | INFO | ENV: PROD | VERDICT: BLOCK | DETAILS: OPA_DENY: Public exposure strictly forbidden in Production. | AI_BLOCK: Risk score 0.7211 exceeds threshold.
2026-03-17 01:02:33,411 | INFO | ENV: PROD | VERDICT: BLOCK | DETAILS: OPA_DENY: Public exposure strictly forbidden in Production. | AI_BLOCK: Risk score 0.7211 exceeds threshold.
2026-03-22 23:55:11,261 | INFO | ENV: DEV | VERDICT: ALLOW | DETAILS: AI Risk Score: 0.1378
2026-03-22 23:57:02,462 | INFO | ENV: DEV | VERDICT: ALLOW | DETAILS: AI Risk Score: 0.1378
2026-03-22 23:57:09,142 | INFO | ENV: DEV | VERDICT: ALLOW | DETAILS: AI Risk Score: 0.1378
2026-03-22 23:58:08,118 | INFO | ENV: DEV | VERDICT: ALLOW | DETAILS: AI Risk Score: 0.1378
2026-03-23 00:03:41,005 | INFO | ENV: DEV | VERDICT: ALLOW | DETAILS: AI Risk Score: 0.1378
2026-03-23 00:17:29,564 | INFO | ENV: DEV | VERDICT: ALLOW | DETAILS: AI Risk Score: 0.1378
2026-03-23 00:20:37,745 | INFO | ENV: DEV | VERDICT: ALLOW | DETAILS: AI Risk Score: 0.1378
2026-03-23 00:22:58,236 | INFO | ENV: DEV | VERDICT: ALLOW | DETAILS: AI Risk Score: 0.1378
2026-03-23 00:56:16,287 | INFO | ENV: DEV | VERDICT: ALLOW | DETAILS: AI Risk Score: 0.1378
2026-03-23 01:31:37,591 | INFO | ENV: PROD | VERDICT: BLOCK | DETAILS: AI Risk Score: 0.8909
2026-03-23 01:33:57,391 | INFO | ENV: DEV | VERDICT: ALLOW | DETAILS: AI Risk Score: 0.1176
2026-03-23 01:45:55,380 | INFO | ENV: DEV | VERDICT: ALLOW | DETAILS: AI Risk Score: 0.1176
2026-03-23 01:46:22,429 | INFO | ENV: PROD | VERDICT: BLOCK | DETAILS: AI Risk Score: 0.815
2026-03-23 01:55:37,777 | INFO | ENV: PROD | VERDICT: BLOCK | DETAILS: AI Risk Score: 0.815
2026-03-23 01:56:07,784 | INFO | ENV: PROD | VERDICT: BLOCK | DETAILS: AI Risk Score: 0.8934
2026-03-23 02:03:29,289 | INFO | ENV: PROD | VERDICT: BLOCK | DETAILS: AI Risk Score: 0.8934
